[debug] [2022-12-02T09:36:19.160Z] ----------------------------------------------------------------------
[debug] [2022-12-02T09:36:19.163Z] Command:       C:\Program Files\nodejs\node.exe C:\Users\BG\AppData\Roaming\npm\node_modules\firebase-tools\lib\bin\firebase.js init
[debug] [2022-12-02T09:36:19.164Z] CLI Version:   11.16.0
[debug] [2022-12-02T09:36:19.164Z] Platform:      win32
[debug] [2022-12-02T09:36:19.165Z] Node Version:  v18.12.0
[debug] [2022-12-02T09:36:19.171Z] Time:          Fri Dec 02 2022 15:36:19 GMT+0600 (Bangladesh Standard Time)
[debug] [2022-12-02T09:36:19.171Z] ----------------------------------------------------------------------
[debug] 
[debug] [2022-12-02T09:36:19.178Z] >>> [apiv2][query] GET https://firebase-public.firebaseio.com/cli.json [none]
[debug] [2022-12-02T09:36:19.278Z] > command requires scopes: ["email","openid","https://www.googleapis.com/auth/cloudplatformprojects.readonly","https://www.googleapis.com/auth/firebase","https://www.googleapis.com/auth/cloud-platform"]
[debug] [2022-12-02T09:36:19.278Z] > authorizing via signed-in user (mdiqbalhossain203050@gmail.com)
[info] 
     ######## #### ########  ######## ########     ###     ######  ########
     ##        ##  ##     ## ##       ##     ##  ##   ##  ##       ##
     ######    ##  ########  ######   ########  #########  ######  ######
     ##        ##  ##    ##  ##       ##     ## ##     ##       ## ##
     ##       #### ##     ## ######## ########  ##     ##  ######  ########

You're about to initialize a Firebase project in this directory:

  C:\allProject\AALL\Assignment-12\Backend

Before we get started, keep in mind:

  * You are currently outside your home directory

[debug] [2022-12-02T09:36:20.784Z] <<< [apiv2][status] GET https://firebase-public.firebaseio.com/cli.json 200
[debug] [2022-12-02T09:36:20.785Z] <<< [apiv2][body] GET https://firebase-public.firebaseio.com/cli.json {"cloudBuildErrorAfter":1594252800000,"cloudBuildWarnAfter":1590019200000,"defaultNode10After":1594252800000,"minVersion":"3.0.5","node8DeploysDisabledAfter":1613390400000,"node8RuntimeDisabledAfter":1615809600000,"node8WarnAfter":1600128000000}
